<?xml version="1.0" encoding="UTF-8"?>
<testsuite xmlns:xsi="http://www.w3.org/2001/XMLSchema-instance" xsi:noNamespaceSchemaLocation="https://maven.apache.org/surefire/maven-surefire-plugin/xsd/surefire-test-report.xsd" name="com.stone.accounting.converter.UserInfoP2CConverterTest" time="0.004" tests="2" errors="0" skipped="0" failures="0">
  <properties>
    <property name="sun.desktop" value="windows"/>
    <property name="awt.toolkit" value="sun.awt.windows.WToolkit"/>
    <property name="file.encoding.pkg" value="sun.io"/>
    <property name="java.specification.version" value="1.8"/>
    <property name="sun.cpu.isalist" value="amd64"/>
    <property name="sun.jnu.encoding" value="GBK"/>
    <property name="java.class.path" value="D:\myjava\AccountingService\target\test-classes;D:\myjava\AccountingService\target\classes;D:\Maven\work\org\springframework\boot\spring-boot-starter-web\2.7.5\spring-boot-starter-web-2.7.5.jar;D:\Maven\work\org\springframework\boot\spring-boot-starter\2.7.5\spring-boot-starter-2.7.5.jar;D:\Maven\work\org\springframework\boot\spring-boot\2.7.5\spring-boot-2.7.5.jar;D:\Maven\work\org\springframework\boot\spring-boot-autoconfigure\2.7.5\spring-boot-autoconfigure-2.7.5.jar;D:\Maven\work\org\springframework\boot\spring-boot-starter-logging\2.7.5\spring-boot-starter-logging-2.7.5.jar;D:\Maven\work\ch\qos\logback\logback-classic\1.2.11\logback-classic-1.2.11.jar;D:\Maven\work\ch\qos\logback\logback-core\1.2.11\logback-core-1.2.11.jar;D:\Maven\work\org\apache\logging\log4j\log4j-to-slf4j\2.17.2\log4j-to-slf4j-2.17.2.jar;D:\Maven\work\org\apache\logging\log4j\log4j-api\2.17.2\log4j-api-2.17.2.jar;D:\Maven\work\org\slf4j\jul-to-slf4j\1.7.36\jul-to-slf4j-1.7.36.jar;D:\Maven\work\jakarta\annotation\jakarta.annotation-api\1.3.5\jakarta.annotation-api-1.3.5.jar;D:\Maven\work\org\yaml\snakeyaml\1.30\snakeyaml-1.30.jar;D:\Maven\work\org\springframework\boot\spring-boot-starter-json\2.7.5\spring-boot-starter-json-2.7.5.jar;D:\Maven\work\com\fasterxml\jackson\core\jackson-databind\2.13.4.2\jackson-databind-2.13.4.2.jar;D:\Maven\work\com\fasterxml\jackson\core\jackson-annotations\2.13.4\jackson-annotations-2.13.4.jar;D:\Maven\work\com\fasterxml\jackson\core\jackson-core\2.13.4\jackson-core-2.13.4.jar;D:\Maven\work\com\fasterxml\jackson\datatype\jackson-datatype-jdk8\2.13.4\jackson-datatype-jdk8-2.13.4.jar;D:\Maven\work\com\fasterxml\jackson\datatype\jackson-datatype-jsr310\2.13.4\jackson-datatype-jsr310-2.13.4.jar;D:\Maven\work\com\fasterxml\jackson\module\jackson-module-parameter-names\2.13.4\jackson-module-parameter-names-2.13.4.jar;D:\Maven\work\org\springframework\boot\spring-boot-starter-tomcat\2.7.5\spring-boot-starter-tomcat-2.7.5.jar;D:\Maven\work\org\apache\tomcat\embed\tomcat-embed-core\9.0.68\tomcat-embed-core-9.0.68.jar;D:\Maven\work\org\apache\tomcat\embed\tomcat-embed-el\9.0.68\tomcat-embed-el-9.0.68.jar;D:\Maven\work\org\apache\tomcat\embed\tomcat-embed-websocket\9.0.68\tomcat-embed-websocket-9.0.68.jar;D:\Maven\work\org\springframework\spring-web\5.3.23\spring-web-5.3.23.jar;D:\Maven\work\org\springframework\spring-beans\5.3.23\spring-beans-5.3.23.jar;D:\Maven\work\org\springframework\spring-webmvc\5.3.23\spring-webmvc-5.3.23.jar;D:\Maven\work\org\springframework\spring-aop\5.3.23\spring-aop-5.3.23.jar;D:\Maven\work\org\springframework\spring-context\5.3.23\spring-context-5.3.23.jar;D:\Maven\work\org\springframework\spring-expression\5.3.23\spring-expression-5.3.23.jar;D:\Maven\work\org\projectlombok\lombok\1.18.24\lombok-1.18.24.jar;D:\Maven\work\com\google\guava\guava\28.2-jre\guava-28.2-jre.jar;D:\Maven\work\com\google\guava\failureaccess\1.0.1\failureaccess-1.0.1.jar;D:\Maven\work\com\google\guava\listenablefuture\9999.0-empty-to-avoid-conflict-with-guava\listenablefuture-9999.0-empty-to-avoid-conflict-with-guava.jar;D:\Maven\work\com\google\code\findbugs\jsr305\3.0.2\jsr305-3.0.2.jar;D:\Maven\work\org\checkerframework\checker-qual\2.10.0\checker-qual-2.10.0.jar;D:\Maven\work\com\google\errorprone\error_prone_annotations\2.3.4\error_prone_annotations-2.3.4.jar;D:\Maven\work\com\google\j2objc\j2objc-annotations\1.3\j2objc-annotations-1.3.jar;D:\Maven\work\org\mybatis\spring\boot\mybatis-spring-boot-starter\2.1.3\mybatis-spring-boot-starter-2.1.3.jar;D:\Maven\work\org\springframework\boot\spring-boot-starter-jdbc\2.7.5\spring-boot-starter-jdbc-2.7.5.jar;D:\Maven\work\com\zaxxer\HikariCP\4.0.3\HikariCP-4.0.3.jar;D:\Maven\work\org\springframework\spring-jdbc\5.3.23\spring-jdbc-5.3.23.jar;D:\Maven\work\org\springframework\spring-tx\5.3.23\spring-tx-5.3.23.jar;D:\Maven\work\org\mybatis\spring\boot\mybatis-spring-boot-autoconfigure\2.1.3\mybatis-spring-boot-autoconfigure-2.1.3.jar;D:\Maven\work\org\mybatis\mybatis\3.5.5\mybatis-3.5.5.jar;D:\Maven\work\org\mybatis\mybatis-spring\2.0.5\mybatis-spring-2.0.5.jar;D:\Maven\work\org\springframework\boot\spring-boot-starter-test\2.7.5\spring-boot-starter-test-2.7.5.jar;D:\Maven\work\org\springframework\boot\spring-boot-test\2.7.5\spring-boot-test-2.7.5.jar;D:\Maven\work\org\springframework\boot\spring-boot-test-autoconfigure\2.7.5\spring-boot-test-autoconfigure-2.7.5.jar;D:\Maven\work\com\jayway\jsonpath\json-path\2.7.0\json-path-2.7.0.jar;D:\Maven\work\net\minidev\json-smart\2.4.8\json-smart-2.4.8.jar;D:\Maven\work\net\minidev\accessors-smart\2.4.8\accessors-smart-2.4.8.jar;D:\Maven\work\org\ow2\asm\asm\9.1\asm-9.1.jar;D:\Maven\work\org\slf4j\slf4j-api\1.7.36\slf4j-api-1.7.36.jar;D:\Maven\work\jakarta\xml\bind\jakarta.xml.bind-api\2.3.3\jakarta.xml.bind-api-2.3.3.jar;D:\Maven\work\jakarta\activation\jakarta.activation-api\1.2.2\jakarta.activation-api-1.2.2.jar;D:\Maven\work\org\assertj\assertj-core\3.22.0\assertj-core-3.22.0.jar;D:\Maven\work\org\hamcrest\hamcrest\2.2\hamcrest-2.2.jar;D:\Maven\work\org\mockito\mockito-core\4.5.1\mockito-core-4.5.1.jar;D:\Maven\work\net\bytebuddy\byte-buddy\1.12.18\byte-buddy-1.12.18.jar;D:\Maven\work\net\bytebuddy\byte-buddy-agent\1.12.18\byte-buddy-agent-1.12.18.jar;D:\Maven\work\org\objenesis\objenesis\3.2\objenesis-3.2.jar;D:\Maven\work\org\mockito\mockito-junit-jupiter\4.5.1\mockito-junit-jupiter-4.5.1.jar;D:\Maven\work\org\skyscreamer\jsonassert\1.5.1\jsonassert-1.5.1.jar;D:\Maven\work\com\vaadin\external\google\android-json\0.0.20131108.vaadin1\android-json-0.0.20131108.vaadin1.jar;D:\Maven\work\org\springframework\spring-core\5.3.23\spring-core-5.3.23.jar;D:\Maven\work\org\springframework\spring-jcl\5.3.23\spring-jcl-5.3.23.jar;D:\Maven\work\org\springframework\spring-test\5.3.23\spring-test-5.3.23.jar;D:\Maven\work\org\xmlunit\xmlunit-core\2.9.0\xmlunit-core-2.9.0.jar;D:\Maven\work\org\junit\jupiter\junit-jupiter\5.9.1\junit-jupiter-5.9.1.jar;D:\Maven\work\org\junit\jupiter\junit-jupiter-api\5.8.2\junit-jupiter-api-5.8.2.jar;D:\Maven\work\org\opentest4j\opentest4j\1.2.0\opentest4j-1.2.0.jar;D:\Maven\work\org\junit\platform\junit-platform-commons\1.8.2\junit-platform-commons-1.8.2.jar;D:\Maven\work\org\apiguardian\apiguardian-api\1.1.2\apiguardian-api-1.1.2.jar;D:\Maven\work\org\junit\jupiter\junit-jupiter-params\5.8.2\junit-jupiter-params-5.8.2.jar;D:\Maven\work\org\junit\jupiter\junit-jupiter-engine\5.8.2\junit-jupiter-engine-5.8.2.jar;D:\Maven\work\org\junit\platform\junit-platform-engine\1.8.2\junit-platform-engine-1.8.2.jar;D:\Maven\work\mysql\mysql-connector-java\8.0.25\mysql-connector-java-8.0.25.jar;D:\Maven\work\jakarta\validation\jakarta.validation-api\2.0.2\jakarta.validation-api-2.0.2.jar;D:\Maven\work\com\github\spotbugs\spotbugs-annotations\4.0.0\spotbugs-annotations-4.0.0.jar;"/>
    <property name="java.vm.vendor" value="Oracle Corporation"/>
    <property name="sun.arch.data.model" value="64"/>
    <property name="user.variant" value=""/>
    <property name="java.vendor.url" value="http://java.oracle.com/"/>
    <property name="user.timezone" value="Asia/Shanghai"/>
    <property name="java.vm.specification.version" value="1.8"/>
    <property name="os.name" value="Windows 10"/>
    <property name="user.country" value="CN"/>
    <property name="sun.java.launcher" value="SUN_STANDARD"/>
    <property name="sun.boot.library.path" value="D:\JAVA\java8\jre\bin"/>
    <property name="sun.java.command" value="C:\Users\L.LEI\AppData\Local\Temp\surefire5890347053636077738\surefirebooter7355753513422513319.jar C:\Users\L.LEI\AppData\Local\Temp\surefire5890347053636077738 2022-12-06T18-08-13_214-jvmRun1 surefire7032741955924892165tmp surefire_01048709845302650359tmp"/>
    <property name="surefire.test.class.path" value="D:\myjava\AccountingService\target\test-classes;D:\myjava\AccountingService\target\classes;D:\Maven\work\org\springframework\boot\spring-boot-starter-web\2.7.5\spring-boot-starter-web-2.7.5.jar;D:\Maven\work\org\springframework\boot\spring-boot-starter\2.7.5\spring-boot-starter-2.7.5.jar;D:\Maven\work\org\springframework\boot\spring-boot\2.7.5\spring-boot-2.7.5.jar;D:\Maven\work\org\springframework\boot\spring-boot-autoconfigure\2.7.5\spring-boot-autoconfigure-2.7.5.jar;D:\Maven\work\org\springframework\boot\spring-boot-starter-logging\2.7.5\spring-boot-starter-logging-2.7.5.jar;D:\Maven\work\ch\qos\logback\logback-classic\1.2.11\logback-classic-1.2.11.jar;D:\Maven\work\ch\qos\logback\logback-core\1.2.11\logback-core-1.2.11.jar;D:\Maven\work\org\apache\logging\log4j\log4j-to-slf4j\2.17.2\log4j-to-slf4j-2.17.2.jar;D:\Maven\work\org\apache\logging\log4j\log4j-api\2.17.2\log4j-api-2.17.2.jar;D:\Maven\work\org\slf4j\jul-to-slf4j\1.7.36\jul-to-slf4j-1.7.36.jar;D:\Maven\work\jakarta\annotation\jakarta.annotation-api\1.3.5\jakarta.annotation-api-1.3.5.jar;D:\Maven\work\org\yaml\snakeyaml\1.30\snakeyaml-1.30.jar;D:\Maven\work\org\springframework\boot\spring-boot-starter-json\2.7.5\spring-boot-starter-json-2.7.5.jar;D:\Maven\work\com\fasterxml\jackson\core\jackson-databind\2.13.4.2\jackson-databind-2.13.4.2.jar;D:\Maven\work\com\fasterxml\jackson\core\jackson-annotations\2.13.4\jackson-annotations-2.13.4.jar;D:\Maven\work\com\fasterxml\jackson\core\jackson-core\2.13.4\jackson-core-2.13.4.jar;D:\Maven\work\com\fasterxml\jackson\datatype\jackson-datatype-jdk8\2.13.4\jackson-datatype-jdk8-2.13.4.jar;D:\Maven\work\com\fasterxml\jackson\datatype\jackson-datatype-jsr310\2.13.4\jackson-datatype-jsr310-2.13.4.jar;D:\Maven\work\com\fasterxml\jackson\module\jackson-module-parameter-names\2.13.4\jackson-module-parameter-names-2.13.4.jar;D:\Maven\work\org\springframework\boot\spring-boot-starter-tomcat\2.7.5\spring-boot-starter-tomcat-2.7.5.jar;D:\Maven\work\org\apache\tomcat\embed\tomcat-embed-core\9.0.68\tomcat-embed-core-9.0.68.jar;D:\Maven\work\org\apache\tomcat\embed\tomcat-embed-el\9.0.68\tomcat-embed-el-9.0.68.jar;D:\Maven\work\org\apache\tomcat\embed\tomcat-embed-websocket\9.0.68\tomcat-embed-websocket-9.0.68.jar;D:\Maven\work\org\springframework\spring-web\5.3.23\spring-web-5.3.23.jar;D:\Maven\work\org\springframework\spring-beans\5.3.23\spring-beans-5.3.23.jar;D:\Maven\work\org\springframework\spring-webmvc\5.3.23\spring-webmvc-5.3.23.jar;D:\Maven\work\org\springframework\spring-aop\5.3.23\spring-aop-5.3.23.jar;D:\Maven\work\org\springframework\spring-context\5.3.23\spring-context-5.3.23.jar;D:\Maven\work\org\springframework\spring-expression\5.3.23\spring-expression-5.3.23.jar;D:\Maven\work\org\projectlombok\lombok\1.18.24\lombok-1.18.24.jar;D:\Maven\work\com\google\guava\guava\28.2-jre\guava-28.2-jre.jar;D:\Maven\work\com\google\guava\failureaccess\1.0.1\failureaccess-1.0.1.jar;D:\Maven\work\com\google\guava\listenablefuture\9999.0-empty-to-avoid-conflict-with-guava\listenablefuture-9999.0-empty-to-avoid-conflict-with-guava.jar;D:\Maven\work\com\google\code\findbugs\jsr305\3.0.2\jsr305-3.0.2.jar;D:\Maven\work\org\checkerframework\checker-qual\2.10.0\checker-qual-2.10.0.jar;D:\Maven\work\com\google\errorprone\error_prone_annotations\2.3.4\error_prone_annotations-2.3.4.jar;D:\Maven\work\com\google\j2objc\j2objc-annotations\1.3\j2objc-annotations-1.3.jar;D:\Maven\work\org\mybatis\spring\boot\mybatis-spring-boot-starter\2.1.3\mybatis-spring-boot-starter-2.1.3.jar;D:\Maven\work\org\springframework\boot\spring-boot-starter-jdbc\2.7.5\spring-boot-starter-jdbc-2.7.5.jar;D:\Maven\work\com\zaxxer\HikariCP\4.0.3\HikariCP-4.0.3.jar;D:\Maven\work\org\springframework\spring-jdbc\5.3.23\spring-jdbc-5.3.23.jar;D:\Maven\work\org\springframework\spring-tx\5.3.23\spring-tx-5.3.23.jar;D:\Maven\work\org\mybatis\spring\boot\mybatis-spring-boot-autoconfigure\2.1.3\mybatis-spring-boot-autoconfigure-2.1.3.jar;D:\Maven\work\org\mybatis\mybatis\3.5.5\mybatis-3.5.5.jar;D:\Maven\work\org\mybatis\mybatis-spring\2.0.5\mybatis-spring-2.0.5.jar;D:\Maven\work\org\springframework\boot\spring-boot-starter-test\2.7.5\spring-boot-starter-test-2.7.5.jar;D:\Maven\work\org\springframework\boot\spring-boot-test\2.7.5\spring-boot-test-2.7.5.jar;D:\Maven\work\org\springframework\boot\spring-boot-test-autoconfigure\2.7.5\spring-boot-test-autoconfigure-2.7.5.jar;D:\Maven\work\com\jayway\jsonpath\json-path\2.7.0\json-path-2.7.0.jar;D:\Maven\work\net\minidev\json-smart\2.4.8\json-smart-2.4.8.jar;D:\Maven\work\net\minidev\accessors-smart\2.4.8\accessors-smart-2.4.8.jar;D:\Maven\work\org\ow2\asm\asm\9.1\asm-9.1.jar;D:\Maven\work\org\slf4j\slf4j-api\1.7.36\slf4j-api-1.7.36.jar;D:\Maven\work\jakarta\xml\bind\jakarta.xml.bind-api\2.3.3\jakarta.xml.bind-api-2.3.3.jar;D:\Maven\work\jakarta\activation\jakarta.activation-api\1.2.2\jakarta.activation-api-1.2.2.jar;D:\Maven\work\org\assertj\assertj-core\3.22.0\assertj-core-3.22.0.jar;D:\Maven\work\org\hamcrest\hamcrest\2.2\hamcrest-2.2.jar;D:\Maven\work\org\mockito\mockito-core\4.5.1\mockito-core-4.5.1.jar;D:\Maven\work\net\bytebuddy\byte-buddy\1.12.18\byte-buddy-1.12.18.jar;D:\Maven\work\net\bytebuddy\byte-buddy-agent\1.12.18\byte-buddy-agent-1.12.18.jar;D:\Maven\work\org\objenesis\objenesis\3.2\objenesis-3.2.jar;D:\Maven\work\org\mockito\mockito-junit-jupiter\4.5.1\mockito-junit-jupiter-4.5.1.jar;D:\Maven\work\org\skyscreamer\jsonassert\1.5.1\jsonassert-1.5.1.jar;D:\Maven\work\com\vaadin\external\google\android-json\0.0.20131108.vaadin1\android-json-0.0.20131108.vaadin1.jar;D:\Maven\work\org\springframework\spring-core\5.3.23\spring-core-5.3.23.jar;D:\Maven\work\org\springframework\spring-jcl\5.3.23\spring-jcl-5.3.23.jar;D:\Maven\work\org\springframework\spring-test\5.3.23\spring-test-5.3.23.jar;D:\Maven\work\org\xmlunit\xmlunit-core\2.9.0\xmlunit-core-2.9.0.jar;D:\Maven\work\org\junit\jupiter\junit-jupiter\5.9.1\junit-jupiter-5.9.1.jar;D:\Maven\work\org\junit\jupiter\junit-jupiter-api\5.8.2\junit-jupiter-api-5.8.2.jar;D:\Maven\work\org\opentest4j\opentest4j\1.2.0\opentest4j-1.2.0.jar;D:\Maven\work\org\junit\platform\junit-platform-commons\1.8.2\junit-platform-commons-1.8.2.jar;D:\Maven\work\org\apiguardian\apiguardian-api\1.1.2\apiguardian-api-1.1.2.jar;D:\Maven\work\org\junit\jupiter\junit-jupiter-params\5.8.2\junit-jupiter-params-5.8.2.jar;D:\Maven\work\org\junit\jupiter\junit-jupiter-engine\5.8.2\junit-jupiter-engine-5.8.2.jar;D:\Maven\work\org\junit\platform\junit-platform-engine\1.8.2\junit-platform-engine-1.8.2.jar;D:\Maven\work\mysql\mysql-connector-java\8.0.25\mysql-connector-java-8.0.25.jar;D:\Maven\work\jakarta\validation\jakarta.validation-api\2.0.2\jakarta.validation-api-2.0.2.jar;D:\Maven\work\com\github\spotbugs\spotbugs-annotations\4.0.0\spotbugs-annotations-4.0.0.jar;"/>
    <property name="sun.cpu.endian" value="little"/>
    <property name="user.home" value="C:\Users\L.LEI"/>
    <property name="user.language" value="zh"/>
    <property name="java.specification.vendor" value="Oracle Corporation"/>
    <property name="java.home" value="D:\JAVA\java8\jre"/>
    <property name="basedir" value="D:\myjava\AccountingService"/>
    <property name="file.separator" value="\"/>
    <property name="line.separator" value="&#10;"/>
    <property name="java.vm.specification.vendor" value="Oracle Corporation"/>
    <property name="java.specification.name" value="Java Platform API Specification"/>
    <property name="java.awt.graphicsenv" value="sun.awt.Win32GraphicsEnvironment"/>
    <property name="surefire.real.class.path" value="C:\Users\L.LEI\AppData\Local\Temp\surefire5890347053636077738\surefirebooter7355753513422513319.jar;D:\\Maven\\work\\org\\jacoco\\org.jacoco.agent\\0.8.5\\org.jacoco.agent-0.8.5-runtime.jar"/>
    <property name="sun.boot.class.path" value="D:\JAVA\java8\jre\lib\resources.jar;D:\JAVA\java8\jre\lib\rt.jar;D:\JAVA\java8\jre\lib\sunrsasign.jar;D:\JAVA\java8\jre\lib\jsse.jar;D:\JAVA\java8\jre\lib\jce.jar;D:\JAVA\java8\jre\lib\charsets.jar;D:\JAVA\java8\jre\lib\jfr.jar;D:\JAVA\java8\jre\classes"/>
    <property name="user.script" value=""/>
    <property name="sun.management.compiler" value="HotSpot 64-Bit Tiered Compilers"/>
    <property name="java.runtime.version" value="1.8.0_202-b08"/>
    <property name="user.name" value="L.LEI"/>
    <property name="path.separator" value=";"/>
    <property name="os.version" value="10.0"/>
    <property name="java.endorsed.dirs" value="D:\JAVA\java8\jre\lib\endorsed"/>
    <property name="java.runtime.name" value="Java(TM) SE Runtime Environment"/>
    <property name="file.encoding" value="GBK"/>
    <property name="java.vm.name" value="Java HotSpot(TM) 64-Bit Server VM"/>
    <property name="localRepository" value="D:\Maven\work"/>
    <property name="java.vendor.url.bug" value="http://bugreport.sun.com/bugreport/"/>
    <property name="java.io.tmpdir" value="C:\Users\L.LEI\AppData\Local\Temp\"/>
    <property name="java.version" value="1.8.0_202"/>
    <property name="user.dir" value="D:\myjava\AccountingService"/>
    <property name="os.arch" value="amd64"/>
    <property name="java.vm.specification.name" value="Java Virtual Machine Specification"/>
    <property name="java.awt.printerjob" value="sun.awt.windows.WPrinterJob"/>
    <property name="sun.os.patch.level" value=""/>
    <property name="java.library.path" value="D:\JAVA\java8\jre\bin;C:\WINDOWS\Sun\Java\bin;C:\WINDOWS\system32;C:\WINDOWS;D:\Git\Git\mingw64\bin;D:\Git\Git\usr\bin;C:\Users\L.LEI\bin;D:\JAVA\java8\bin;C:\Windows;C:\Windows\System32\Wbem;C:\Windows\System32\WindowsPowerShell\v1.0;C:\Windows\System32\OpenSSH;C:\Program Files (x86)\NVIDIA Corporation\PhysX\Common;C:\Program Files\NVIDIA Corporation\NVIDIA NvDLISR;C:\Program Files\Intel\WiFi\bin;C:\Program Files\Common Files\Intel\WirelessCommon;C:\Program Files (x86)\Intel\Intel(R) Management Engine Components\DAL;C:\Program Files\Intel\Intel(R) Management Engine Components\DAL;C:\Program Files (x86)\Microsoft SQL Server\100\Tools\Binn;C:\Program Files\Microsoft SQL Server\100\Tools\Binn;C:\Program Files\Microsoft SQL Server\100\DTS\Binn;C:\WINDOWS\system32;C:\WINDOWS;C:\WINDOWS\System32\Wbem;C:\WINDOWS\System32\WindowsPowerShell\v1.0;C:\WINDOWS\System32\OpenSSH;D:\TomCat\apache-tomcat-8.5.71\bin;D:\TomCat\apache-tomcat-8.5.71\lib;%ANDROID_HOME%\platform-tools;%ANDROID_HOME%\tools;%GRADLE_HOME%\bin;D:\Git\Git\cmd;D:\Maven\apache-maven-3.5.4\bin;C:\Users\L.LEI\AppData\Local\Microsoft\WindowsApps;D:\JAVA\java8\bin;."/>
    <property name="java.vm.info" value="mixed mode"/>
    <property name="java.vendor" value="Oracle Corporation"/>
    <property name="java.vm.version" value="25.202-b08"/>
    <property name="java.ext.dirs" value="D:\JAVA\java8\jre\lib\ext;C:\WINDOWS\Sun\Java\lib\ext"/>
    <property name="sun.io.unicode.encoding" value="UnicodeLittle"/>
    <property name="java.class.version" value="52.0"/>
  </properties>
  <testcase name="testDoBackward" classname="com.stone.accounting.converter.UserInfoP2CConverterTest" time="0"/>
  <testcase name="testDoForward" classname="com.stone.accounting.converter.UserInfoP2CConverterTest" time="0"/>
</testsuite>